
========================[ Nov 8, 2011  3:32 PM ]========================
Version 2.2.21 [Jun-14-2009]
Started database file "/tmp/tempfile"
FDBFinish: Empty protein database...
SUCCESS: formatted database /tmp/tempfile

========================[ Nov 8, 2011  5:05 PM ]========================
Version 2.2.21 [Jun-14-2009]
Started database file "/tmp/tempfile"
Formatted 1344332 sequences in volume 0
SUCCESS: formatted database /tmp/tempfile

========================[ Nov 9, 2011  1:05 PM ]========================
Version 2.2.21 [Jun-14-2009]
Started database file "/tmp/tempfile"
Formatted 1344332 sequences in volume 0
SUCCESS: formatted database /tmp/tempfile

========================[ Nov 9, 2011  1:30 PM ]========================
Version 2.2.21 [Jun-14-2009]
Started database file "/tmp/tempfile"
Formatted 1344332 sequences in volume 0
SUCCESS: formatted database /tmp/tempfile

========================[ Nov 10, 2011  9:17 PM ]========================
Version 2.2.21 [Jun-14-2009]
Started database file "/tmp/tempfile"
Closing volume /tmp/tempfile with 3066677 sequences, 999,999,689 letters(.psq file = 1003066850 bytes; .phr file = 242234587 bytes)
Formatted 3066677 sequences in volume 0
Version 2.2.21 [Jun-14-2009]
Started database file "/tmp/tempfile"
Closing volume /tmp/tempfile.01 with 3063779 sequences, 999,999,540 letters(.psq file = 1003064251 bytes; .phr file = 242005645 bytes)
Formatted 3063779 sequences in volume 1
Version 2.2.21 [Jun-14-2009]
Started database file "/tmp/tempfile"
Closing volume /tmp/tempfile.02 with 3156344 sequences, 999,999,651 letters(.psq file = 1003156632 bytes; .phr file = 249318280 bytes)
Formatted 3156344 sequences in volume 2
Version 2.2.21 [Jun-14-2009]
Started database file "/tmp/tempfile"
Closing volume /tmp/tempfile.03 with 3042956 sequences, 999,999,631 letters(.psq file = 1003042992 bytes; .phr file = 240360628 bytes)
Formatted 3042956 sequences in volume 3
Version 2.2.21 [Jun-14-2009]
Started database file "/tmp/tempfile"
Closing volume /tmp/tempfile.04 with 2913827 sequences, 999,999,834 letters(.psq file = 1002913845 bytes; .phr file = 230159437 bytes)
Formatted 2913827 sequences in volume 4
Version 2.2.21 [Jun-14-2009]
Started database file "/tmp/tempfile"
Formatted 2111418 sequences in volume 5
SUCCESS: formatted database /tmp/tempfile

========================[ Nov 15, 2011  2:32 PM ]========================
Version 2.2.21 [Jun-14-2009]
Started database file "/tmp/tempfile"
Closing volume /tmp/tempfile with 3066677 sequences, 999,999,689 letters(.psq file = 1003066850 bytes; .phr file = 242234587 bytes)
Formatted 3066677 sequences in volume 0
Version 2.2.21 [Jun-14-2009]
Started database file "/tmp/tempfile"
Closing volume /tmp/tempfile.01 with 3063779 sequences, 999,999,540 letters(.psq file = 1003064251 bytes; .phr file = 242005645 bytes)
Formatted 3063779 sequences in volume 1
Version 2.2.21 [Jun-14-2009]
Started database file "/tmp/tempfile"
Closing volume /tmp/tempfile.02 with 3156344 sequences, 999,999,651 letters(.psq file = 1003156632 bytes; .phr file = 249318280 bytes)
Formatted 3156344 sequences in volume 2
Version 2.2.21 [Jun-14-2009]
Started database file "/tmp/tempfile"
Closing volume /tmp/tempfile.03 with 3042956 sequences, 999,999,631 letters(.psq file = 1003042992 bytes; .phr file = 240360628 bytes)
Formatted 3042956 sequences in volume 3
Version 2.2.21 [Jun-14-2009]
Started database file "/tmp/tempfile"
Closing volume /tmp/tempfile.04 with 2913827 sequences, 999,999,834 letters(.psq file = 1002913845 bytes; .phr file = 230159437 bytes)
Formatted 2913827 sequences in volume 4
Version 2.2.21 [Jun-14-2009]
Started database file "/tmp/tempfile"
Formatted 2111418 sequences in volume 5
SUCCESS: formatted database /tmp/tempfile

========================[ Nov 15, 2011  3:25 PM ]========================
Version 2.2.21 [Jun-14-2009]
Started database file "/tmp/tempfile"
Closing volume /tmp/tempfile with 3066677 sequences, 999,999,689 letters(.psq file = 1003066850 bytes; .phr file = 242234587 bytes)
Formatted 3066677 sequences in volume 0
Version 2.2.21 [Jun-14-2009]
Started database file "/tmp/tempfile"
Closing volume /tmp/tempfile.01 with 3063779 sequences, 999,999,540 letters(.psq file = 1003064251 bytes; .phr file = 242005645 bytes)
Formatted 3063779 sequences in volume 1
Version 2.2.21 [Jun-14-2009]
Started database file "/tmp/tempfile"
Closing volume /tmp/tempfile.02 with 3156344 sequences, 999,999,651 letters(.psq file = 1003156632 bytes; .phr file = 249318280 bytes)
Formatted 3156344 sequences in volume 2
Version 2.2.21 [Jun-14-2009]
Started database file "/tmp/tempfile"
Closing volume /tmp/tempfile.03 with 3042956 sequences, 999,999,631 letters(.psq file = 1003042992 bytes; .phr file = 240360628 bytes)
Formatted 3042956 sequences in volume 3
Version 2.2.21 [Jun-14-2009]
Started database file "/tmp/tempfile"
Closing volume /tmp/tempfile.04 with 2913827 sequences, 999,999,834 letters(.psq file = 1002913845 bytes; .phr file = 230159437 bytes)
Formatted 2913827 sequences in volume 4
Version 2.2.21 [Jun-14-2009]
Started database file "/tmp/tempfile"
Formatted 2111418 sequences in volume 5
SUCCESS: formatted database /tmp/tempfile

========================[ Nov 15, 2011  4:24 PM ]========================
Version 2.2.21 [Jun-14-2009]
Started database file "/tmp/tempfile"
Closing volume /tmp/tempfile with 3066677 sequences, 999,999,689 letters(.psq file = 1003066850 bytes; .phr file = 242234587 bytes)
Formatted 3066677 sequences in volume 0
Version 2.2.21 [Jun-14-2009]
Started database file "/tmp/tempfile"
Closing volume /tmp/tempfile.01 with 3063779 sequences, 999,999,540 letters(.psq file = 1003064251 bytes; .phr file = 242005645 bytes)
Formatted 3063779 sequences in volume 1
Version 2.2.21 [Jun-14-2009]
Started database file "/tmp/tempfile"
Closing volume /tmp/tempfile.02 with 3156344 sequences, 999,999,651 letters(.psq file = 1003156632 bytes; .phr file = 249318280 bytes)
Formatted 3156344 sequences in volume 2
Version 2.2.21 [Jun-14-2009]
Started database file "/tmp/tempfile"
Closing volume /tmp/tempfile.03 with 3042956 sequences, 999,999,631 letters(.psq file = 1003042992 bytes; .phr file = 240360628 bytes)
Formatted 3042956 sequences in volume 3
Version 2.2.21 [Jun-14-2009]
Started database file "/tmp/tempfile"
Closing volume /tmp/tempfile.04 with 2913827 sequences, 999,999,834 letters(.psq file = 1002913845 bytes; .phr file = 230159437 bytes)
Formatted 2913827 sequences in volume 4
Version 2.2.21 [Jun-14-2009]
Started database file "/tmp/tempfile"
Formatted 2111418 sequences in volume 5
SUCCESS: formatted database /tmp/tempfile

========================[ Nov 16, 2011  3:18 PM ]========================
Version 2.2.21 [Jun-14-2009]
Started database file "/tmp/tempfile"
Closing volume /tmp/tempfile with 3066677 sequences, 999,999,689 letters(.psq file = 1003066850 bytes; .phr file = 242234587 bytes)
Formatted 3066677 sequences in volume 0
Version 2.2.21 [Jun-14-2009]
Started database file "/tmp/tempfile"
Closing volume /tmp/tempfile.01 with 3063779 sequences, 999,999,540 letters(.psq file = 1003064251 bytes; .phr file = 242005645 bytes)
Formatted 3063779 sequences in volume 1
Version 2.2.21 [Jun-14-2009]
Started database file "/tmp/tempfile"
Closing volume /tmp/tempfile.02 with 3156344 sequences, 999,999,651 letters(.psq file = 1003156632 bytes; .phr file = 249318280 bytes)
Formatted 3156344 sequences in volume 2
Version 2.2.21 [Jun-14-2009]
Started database file "/tmp/tempfile"
Closing volume /tmp/tempfile.03 with 3042956 sequences, 999,999,631 letters(.psq file = 1003042992 bytes; .phr file = 240360628 bytes)
Formatted 3042956 sequences in volume 3
Version 2.2.21 [Jun-14-2009]
Started database file "/tmp/tempfile"
Closing volume /tmp/tempfile.04 with 2913827 sequences, 999,999,834 letters(.psq file = 1002913845 bytes; .phr file = 230159437 bytes)
Formatted 2913827 sequences in volume 4
Version 2.2.21 [Jun-14-2009]
Started database file "/tmp/tempfile"
Formatted 2111418 sequences in volume 5
SUCCESS: formatted database /tmp/tempfile

========================[ Nov 16, 2011  3:40 PM ]========================
Version 2.2.21 [Jun-14-2009]
Started database file "/tmp/tempfile"

========================[ Nov 16, 2011  3:43 PM ]========================
Version 2.2.21 [Jun-14-2009]
Started database file "/tmp/tempfile"
Closing volume /tmp/tempfile with 3066677 sequences, 999,999,689 letters(.psq file = 1003066850 bytes; .phr file = 242234587 bytes)
Formatted 3066677 sequences in volume 0
Version 2.2.21 [Jun-14-2009]
Started database file "/tmp/tempfile"
Closing volume /tmp/tempfile with 3066677 sequences, 999,999,689 letters(.psq file = 1003066850 bytes; .phr file = 242234587 bytes)
Formatted 3066677 sequences in volume 0
Version 2.2.21 [Jun-14-2009]
Started database file "/tmp/tempfile"
Closing volume /tmp/tempfile.01 with 3063779 sequences, 999,999,540 letters(.psq file = 1003064251 bytes; .phr file = 242005645 bytes)
Formatted 3063779 sequences in volume 1
Version 2.2.21 [Jun-14-2009]
Started database file "/tmp/tempfile"
Closing volume /tmp/tempfile.01 with 3063779 sequences, 999,999,540 letters(.psq file = 1003064251 bytes; .phr file = 242005645 bytes)
Formatted 3063779 sequences in volume 1
Version 2.2.21 [Jun-14-2009]
Started database file "/tmp/tempfile"

========================[ Nov 16, 2011  3:51 PM ]========================
Version 2.2.21 [Jun-14-2009]
Started database file "/tmp/tempfile"
Closing volume /tmp/tempfile.02 with 3156344 sequences, 999,999,651 letters(.psq file = 1003156632 bytes; .phr file = 249318280 bytes)
Formatted 3156344 sequences in volume 2
Version 2.2.21 [Jun-14-2009]
Started database file "/tmp/tempfile"

========================[ Nov 16, 2011  3:54 PM ]========================
Version 2.2.21 [Jun-14-2009]
Started database file "/tmp/gestore/tempfile"
FDBFinish: Empty protein database...
SUCCESS: formatted database /tmp/gestore/tempfile
Closing volume /tmp/tempfile.02 with 3156344 sequences, 999,999,651 letters(.psq file = 1003156632 bytes; .phr file = 249318280 bytes)
Formatted 3156344 sequences in volume 2
Version 2.2.21 [Jun-14-2009]
Started database file "/tmp/tempfile"
Closing volume /tmp/tempfile with 3066677 sequences, 999,999,689 letters(.psq file = 1003066850 bytes; .phr file = 242234587 bytes)
Formatted 3066677 sequences in volume 0
Version 2.2.21 [Jun-14-2009]
Started database file "/tmp/tempfile"
Closing volume /tmp/tempfile.03 with 3042956 sequences, 999,999,631 letters(.psq file = 1003042992 bytes; .phr file = 240360628 bytes)
Formatted 3042956 sequences in volume 3
Version 2.2.21 [Jun-14-2009]
Started database file "/tmp/tempfile"
Closing volume /tmp/tempfile.03 with 3042956 sequences, 999,999,631 letters(.psq file = 1003042992 bytes; .phr file = 240360628 bytes)
Formatted 3042956 sequences in volume 3
Version 2.2.21 [Jun-14-2009]
Started database file "/tmp/tempfile"
Closing volume /tmp/tempfile.01 with 3063779 sequences, 999,999,540 letters(.psq file = 1003064251 bytes; .phr file = 242005645 bytes)
Formatted 3063779 sequences in volume 1
Version 2.2.21 [Jun-14-2009]
Started database file "/tmp/tempfile"
Closing volume /tmp/tempfile.04 with 2913827 sequences, 999,999,834 letters(.psq file = 1002913845 bytes; .phr file = 230159437 bytes)
Formatted 2913827 sequences in volume 4
Version 2.2.21 [Jun-14-2009]
Started database file "/tmp/tempfile"
Closing volume /tmp/tempfile.04 with 2913827 sequences, 999,999,834 letters(.psq file = 1002913845 bytes; .phr file = 230159437 bytes)
Formatted 2913827 sequences in volume 4
Version 2.2.21 [Jun-14-2009]
Started database file "/tmp/tempfile"
Closing volume /tmp/tempfile.02 with 3156344 sequences, 999,999,651 letters(.psq file = 1003156632 bytes; .phr file = 249318280 bytes)
Formatted 3156344 sequences in volume 2
Version 2.2.21 [Jun-14-2009]
Started database file "/tmp/tempfile"
Formatted 2111418 sequences in volume 5
SUCCESS: formatted database /tmp/tempfile
Formatted 2111418 sequences in volume 5
SUCCESS: formatted database /tmp/tempfile
Closing volume /tmp/tempfile.03 with 3042956 sequences, 999,999,631 letters(.psq file = 1003042992 bytes; .phr file = 240360628 bytes)
Formatted 3042956 sequences in volume 3
Version 2.2.21 [Jun-14-2009]
Started database file "/tmp/tempfile"
Closing volume /tmp/tempfile.04 with 2913827 sequences, 999,999,834 letters(.psq file = 1002913845 bytes; .phr file = 230159437 bytes)
Formatted 2913827 sequences in volume 4
Version 2.2.21 [Jun-14-2009]
Started database file "/tmp/tempfile"
Formatted 2111418 sequences in volume 5
SUCCESS: formatted database /tmp/tempfile

========================[ Nov 16, 2011  4:20 PM ]========================
Version 2.2.21 [Jun-14-2009]
Started database file "/tmp/gestore/tempfile"
FDBFinish: Empty protein database...
SUCCESS: formatted database /tmp/gestore/tempfile

========================[ Nov 16, 2011  5:00 PM ]========================
Version 2.2.21 [Jun-14-2009]
Started database file "/tmp/gestore/tempfile"
FDBFinish: Empty protein database...
SUCCESS: formatted database /tmp/gestore/tempfile

========================[ Nov 16, 2011  5:26 PM ]========================
Version 2.2.21 [Jun-14-2009]
Started database file "/tmp/gestore/tempfile"
FDBFinish: Empty protein database...
SUCCESS: formatted database /tmp/gestore/tempfile

========================[ Nov 16, 2011  6:03 PM ]========================
Version 2.2.21 [Jun-14-2009]
Started database file "/tmp/gestore/tempfile"
FDBFinish: Empty protein database...
SUCCESS: formatted database /tmp/gestore/tempfile

========================[ Nov 22, 2011  7:42 PM ]========================
Version 2.2.21 [Jun-14-2009]
Started database file "/tmp/gestore/tempfile"
FDBFinish: Empty protein database...
SUCCESS: formatted database /tmp/gestore/tempfile

========================[ Nov 22, 2011  8:19 PM ]========================
Version 2.2.21 [Jun-14-2009]
Started database file "/tmp/gestore/tempfile"
FDBFinish: Empty protein database...
SUCCESS: formatted database /tmp/gestore/tempfile

========================[ Nov 22, 2011  8:55 PM ]========================
Version 2.2.21 [Jun-14-2009]
Started database file "/tmp/gestore/tempfile"
Closing volume /tmp/gestore/tempfile with 3066677 sequences, 999,999,689 letters(.psq file = 1003066850 bytes; .phr file = 242234587 bytes)
Formatted 3066677 sequences in volume 0
Version 2.2.21 [Jun-14-2009]
Started database file "/tmp/gestore/tempfile"
Closing volume /tmp/gestore/tempfile.01 with 3063779 sequences, 999,999,540 letters(.psq file = 1003064251 bytes; .phr file = 242005645 bytes)
Formatted 3063779 sequences in volume 1
Version 2.2.21 [Jun-14-2009]
Started database file "/tmp/gestore/tempfile"
Closing volume /tmp/gestore/tempfile.02 with 3156344 sequences, 999,999,651 letters(.psq file = 1003156632 bytes; .phr file = 249318280 bytes)
Formatted 3156344 sequences in volume 2
Version 2.2.21 [Jun-14-2009]
Started database file "/tmp/gestore/tempfile"
Closing volume /tmp/gestore/tempfile.03 with 3042956 sequences, 999,999,631 letters(.psq file = 1003042992 bytes; .phr file = 240360628 bytes)
Formatted 3042956 sequences in volume 3
Version 2.2.21 [Jun-14-2009]
Started database file "/tmp/gestore/tempfile"
Closing volume /tmp/gestore/tempfile.04 with 2913827 sequences, 999,999,834 letters(.psq file = 1002913845 bytes; .phr file = 230159437 bytes)
Formatted 2913827 sequences in volume 4
Version 2.2.21 [Jun-14-2009]
Started database file "/tmp/gestore/tempfile"
Formatted 2111418 sequences in volume 5
SUCCESS: formatted database /tmp/gestore/tempfile

========================[ Nov 24, 2011 12:51 PM ]========================
Version 2.2.21 [Jun-14-2009]
Started database file "sprot_2009_gestore.fas"
Formatted 532767 sequences in volume 0
SUCCESS: formatted database sprot_2009_gestore.fas

========================[ Nov 28, 2011  8:32 PM ]========================
Version 2.2.21 [Jun-14-2009]
Started database file "/tmp/gestore/tempfile"
Formatted 532146 sequences in volume 0
SUCCESS: formatted database /tmp/gestore/tempfile

========================[ Nov 28, 2011  8:46 PM ]========================
Version 2.2.21 [Jun-14-2009]
Started database file "/tmp/gestore/tempfile"
Formatted 532146 sequences in volume 0
SUCCESS: formatted database /tmp/gestore/tempfile

========================[ Nov 28, 2011  8:50 PM ]========================
Version 2.2.21 [Jun-14-2009]
Started database file "/tmp/gestore/tempfile"
Formatted 532146 sequences in volume 0
SUCCESS: formatted database /tmp/gestore/tempfile

========================[ Nov 28, 2011  8:52 PM ]========================
Version 2.2.21 [Jun-14-2009]
Started database file "/tmp/gestore/tempfile"
Formatted 531473 sequences in volume 0
SUCCESS: formatted database /tmp/gestore/tempfile

========================[ Dec 15, 2011 11:48 AM ]========================
Version 2.2.21 [Jun-14-2009]
Started database file "/tmp/gestore/tempfile"
FDBFinish: Empty protein database...
SUCCESS: formatted database /tmp/gestore/tempfile

========================[ Dec 15, 2011 11:55 AM ]========================
Version 2.2.21 [Jun-14-2009]
Started database file "/tmp/gestore/tempfile"
FDBFinish: Empty protein database...
SUCCESS: formatted database /tmp/gestore/tempfile

========================[ Dec 15, 2011 12:00 PM ]========================
Version 2.2.21 [Jun-14-2009]
Started database file "/tmp/gestore/tempfile"
FDBFinish: Empty protein database...
SUCCESS: formatted database /tmp/gestore/tempfile

========================[ Dec 15, 2011 12:02 PM ]========================
Version 2.2.21 [Jun-14-2009]
Started database file "/tmp/gestore/tempfile"
FDBFinish: Empty protein database...
SUCCESS: formatted database /tmp/gestore/tempfile

========================[ Dec 15, 2011 12:03 PM ]========================
Version 2.2.21 [Jun-14-2009]
Started database file "/tmp/gestore/tempfile"
Formatted 329595 sequences in volume 0
SUCCESS: formatted database /tmp/gestore/tempfile

========================[ Feb 14, 2012  5:57 PM ]========================
Version 2.2.21 [Jun-14-2009]
Started database file "/tmp/gestore/tempfile"
Formatted 521221 sequences in volume 0
SUCCESS: formatted database /tmp/gestore/tempfile

========================[ Feb 14, 2012  6:16 PM ]========================
Version 2.2.21 [Jun-14-2009]
Started database file "/tmp/gestore/tempfile"
Formatted 5503 sequences in volume 0
SUCCESS: formatted database /tmp/gestore/tempfile

========================[ Feb 16, 2012 10:54 AM ]========================
Version 2.2.21 [Jun-14-2009]
Started database file "/tmp/gestore/tempfile"
Formatted 5503 sequences in volume 0
SUCCESS: formatted database /tmp/gestore/tempfile

========================[ Feb 16, 2012 10:56 AM ]========================
Version 2.2.21 [Jun-14-2009]
Started database file "/tmp/gestore/tempfile"
Formatted 5503 sequences in volume 0
SUCCESS: formatted database /tmp/gestore/tempfile

========================[ Feb 16, 2012 11:00 AM ]========================
Version 2.2.21 [Jun-14-2009]
Started database file "/tmp/gestore/tempfile"
Formatted 5503 sequences in volume 0
SUCCESS: formatted database /tmp/gestore/tempfile

========================[ Feb 16, 2012 11:02 AM ]========================
Version 2.2.21 [Jun-14-2009]
Started database file "/tmp/gestore/tempfile"
Formatted 5503 sequences in volume 0
SUCCESS: formatted database /tmp/gestore/tempfile

========================[ Feb 16, 2012 11:03 AM ]========================
Version 2.2.21 [Jun-14-2009]
Started database file "/tmp/gestore/tempfile"
Formatted 5503 sequences in volume 0
SUCCESS: formatted database /tmp/gestore/tempfile

========================[ Feb 16, 2012 11:04 AM ]========================
Version 2.2.21 [Jun-14-2009]
Started database file "/tmp/gestore/tempfile"
Formatted 5503 sequences in volume 0
SUCCESS: formatted database /tmp/gestore/tempfile

========================[ Feb 16, 2012 11:06 AM ]========================
Version 2.2.21 [Jun-14-2009]
Started database file "/tmp/gestore/tempfile"
Formatted 5503 sequences in volume 0
SUCCESS: formatted database /tmp/gestore/tempfile

========================[ Feb 16, 2012 11:08 AM ]========================
Version 2.2.21 [Jun-14-2009]
Started database file "/tmp/gestore/tempfile"
Formatted 5503 sequences in volume 0
SUCCESS: formatted database /tmp/gestore/tempfile

========================[ Feb 16, 2012 11:57 AM ]========================
Version 2.2.21 [Jun-14-2009]
Started database file "/tmp/gestore/tempfile"
Formatted 5503 sequences in volume 0
SUCCESS: formatted database /tmp/gestore/tempfile

========================[ Feb 16, 2012 12:01 PM ]========================
Version 2.2.21 [Jun-14-2009]
Started database file "/tmp/gestore/tempfile"
Formatted 5503 sequences in volume 0
SUCCESS: formatted database /tmp/gestore/tempfile

========================[ Feb 16, 2012 12:31 PM ]========================
Version 2.2.21 [Jun-14-2009]
Started database file "/tmp/gestore/tempfile"
FDBFinish: Empty protein database...
SUCCESS: formatted database /tmp/gestore/tempfile

========================[ Feb 16, 2012 12:33 PM ]========================
Version 2.2.21 [Jun-14-2009]
Started database file "/tmp/gestore/tempfile"
Formatted 5443 sequences in volume 0
SUCCESS: formatted database /tmp/gestore/tempfile

========================[ Feb 16, 2012 12:35 PM ]========================
Version 2.2.21 [Jun-14-2009]
Started database file "/tmp/gestore/tempfile"
Formatted 5503 sequences in volume 0
SUCCESS: formatted database /tmp/gestore/tempfile

========================[ Feb 16, 2012 12:36 PM ]========================
Version 2.2.21 [Jun-14-2009]
Started database file "/tmp/gestore/tempfile"
Formatted 5510 sequences in volume 0
SUCCESS: formatted database /tmp/gestore/tempfile

========================[ Feb 16, 2012  2:27 PM ]========================
Version 2.2.21 [Jun-14-2009]
Started database file "/tmp/gestore/tempfile"
FDBFinish: Empty protein database...
SUCCESS: formatted database /tmp/gestore/tempfile

========================[ Feb 17, 2012  2:21 PM ]========================
Version 2.2.21 [Jun-14-2009]
Started database file "/tmp/gestore/tempfile"
FDBFinish: Empty protein database...
SUCCESS: formatted database /tmp/gestore/tempfile

========================[ Feb 17, 2012  2:52 PM ]========================
Version 2.2.21 [Jun-14-2009]
Started database file "/tmp/gestore/tempfile"
FDBFinish: Empty protein database...
SUCCESS: formatted database /tmp/gestore/tempfile

========================[ Feb 17, 2012  2:54 PM ]========================
Version 2.2.21 [Jun-14-2009]
Started database file "/tmp/gestore/tempfile"
FDBFinish: Empty protein database...
SUCCESS: formatted database /tmp/gestore/tempfile

========================[ Feb 22, 2012  1:08 AM ]========================
Version 2.2.21 [Jun-14-2009]
Started database file "/tmp/gestore/tempfile"
FDBFinish: Empty protein database...
SUCCESS: formatted database /tmp/gestore/tempfile

========================[ Feb 22, 2012  2:25 PM ]========================
Version 2.2.21 [Jun-14-2009]
Started database file "/tmp/gestore/tempfile"
FDBFinish: Empty protein database...
SUCCESS: formatted database /tmp/gestore/tempfile

========================[ Feb 22, 2012  2:26 PM ]========================
Version 2.2.21 [Jun-14-2009]
Started database file "/tmp/gestore/tempfile"
FDBFinish: Empty protein database...
SUCCESS: formatted database /tmp/gestore/tempfile

========================[ Feb 22, 2012  2:32 PM ]========================
Version 2.2.21 [Jun-14-2009]
Started database file "/tmp/gestore/tempfile"
FDBFinish: Empty protein database...
SUCCESS: formatted database /tmp/gestore/tempfile

========================[ Feb 22, 2012  2:34 PM ]========================
Version 2.2.21 [Jun-14-2009]
Started database file "/tmp/gestore/tempfile"
FDBFinish: Empty protein database...
SUCCESS: formatted database /tmp/gestore/tempfile

========================[ Feb 22, 2012  2:37 PM ]========================
Version 2.2.21 [Jun-14-2009]
Started database file "/tmp/gestore/tempfile"
FDBFinish: Empty protein database...
SUCCESS: formatted database /tmp/gestore/tempfile

========================[ Feb 22, 2012  2:39 PM ]========================
Version 2.2.21 [Jun-14-2009]
Started database file "/tmp/gestore/tempfile"
FDBFinish: Empty protein database...
SUCCESS: formatted database /tmp/gestore/tempfile

========================[ Feb 22, 2012  2:43 PM ]========================
Version 2.2.21 [Jun-14-2009]
Started database file "/tmp/gestore/tempfile"
FDBFinish: Empty protein database...
SUCCESS: formatted database /tmp/gestore/tempfile

========================[ Mar 1, 2012 12:30 PM ]========================
Version 2.2.21 [Jun-14-2009]
Started database file "/tmp/gestore/tempfile"
Formatted 532146 sequences in volume 0
SUCCESS: formatted database /tmp/gestore/tempfile

========================[ Mar 1, 2012 12:35 PM ]========================
Version 2.2.21 [Jun-14-2009]
Started database file "/tmp/gestore/tempfile"
Formatted 532146 sequences in volume 0
SUCCESS: formatted database /tmp/gestore/tempfile

========================[ Mar 1, 2012  1:05 PM ]========================
Version 2.2.21 [Jun-14-2009]
Started database file "/tmp/gestore/tempfile"
FDBFinish: Empty protein database...
SUCCESS: formatted database /tmp/gestore/tempfile

========================[ Mar 1, 2012  1:25 PM ]========================
Version 2.2.21 [Jun-14-2009]
Started database file "/tmp/gestore/tempfile"
Formatted 532146 sequences in volume 0
SUCCESS: formatted database /tmp/gestore/tempfile

========================[ Mar 1, 2012  1:32 PM ]========================
Version 2.2.21 [Jun-14-2009]
Started database file "/tmp/gestore/tempfile"
Formatted 532146 sequences in volume 0
SUCCESS: formatted database /tmp/gestore/tempfile

========================[ Mar 1, 2012  1:35 PM ]========================
Version 2.2.21 [Jun-14-2009]
Started database file "/tmp/gestore/tempfile"
Formatted 532146 sequences in volume 0
SUCCESS: formatted database /tmp/gestore/tempfile

========================[ Mar 1, 2012  2:06 PM ]========================
Version 2.2.21 [Jun-14-2009]
Started database file "/tmp/gestore/tempfile"
Formatted 532146 sequences in volume 0
SUCCESS: formatted database /tmp/gestore/tempfile

========================[ Mar 1, 2012  2:10 PM ]========================
Version 2.2.21 [Jun-14-2009]
Started database file "/tmp/gestore/tempfile"
Formatted 532146 sequences in volume 0
SUCCESS: formatted database /tmp/gestore/tempfile

========================[ Mar 1, 2012  2:16 PM ]========================
Version 2.2.21 [Jun-14-2009]
Started database file "/tmp/gestore/tempfile"
Formatted 532146 sequences in volume 0
SUCCESS: formatted database /tmp/gestore/tempfile

========================[ Mar 1, 2012  2:27 PM ]========================
Version 2.2.21 [Jun-14-2009]
Started database file "/tmp/gestore/tempfile"
Formatted 532146 sequences in volume 0
SUCCESS: formatted database /tmp/gestore/tempfile

========================[ Mar 2, 2012  5:40 PM ]========================
Version 2.2.21 [Jun-14-2009]
Started database file "/tmp/gestore/tempfile"
Formatted 25492 sequences in volume 0
SUCCESS: formatted database /tmp/gestore/tempfile

========================[ Mar 5, 2012  2:01 PM ]========================
Version 2.2.21 [Jun-14-2009]
Started database file "/tmp/gestore/tempfile"
Formatted 13317 sequences in volume 0
SUCCESS: formatted database /tmp/gestore/tempfile

========================[ Mar 5, 2012  2:02 PM ]========================
Version 2.2.21 [Jun-14-2009]
Started database file "/tmp/gestore/tempfile"
Formatted 299 sequences in volume 0
SUCCESS: formatted database /tmp/gestore/tempfile

========================[ Mar 5, 2012  2:06 PM ]========================
Version 2.2.21 [Jun-14-2009]
Started database file "/tmp/gestore/tempfile"
Formatted 13317 sequences in volume 0
SUCCESS: formatted database /tmp/gestore/tempfile

========================[ Mar 5, 2012  2:07 PM ]========================
Version 2.2.21 [Jun-14-2009]
Started database file "/tmp/gestore/tempfile"
Formatted 299 sequences in volume 0
SUCCESS: formatted database /tmp/gestore/tempfile

========================[ Mar 5, 2012  2:08 PM ]========================
Version 2.2.21 [Jun-14-2009]
Started database file "/tmp/gestore/tempfile"
Formatted 13317 sequences in volume 0
SUCCESS: formatted database /tmp/gestore/tempfile

========================[ Mar 5, 2012  2:09 PM ]========================
Version 2.2.21 [Jun-14-2009]
Started database file "/tmp/gestore/tempfile"
Formatted 299 sequences in volume 0
SUCCESS: formatted database /tmp/gestore/tempfile

========================[ Mar 5, 2012  2:24 PM ]========================
Version 2.2.21 [Jun-14-2009]
Started database file "/tmp/gestore/tempfile"
Formatted 13317 sequences in volume 0
SUCCESS: formatted database /tmp/gestore/tempfile

========================[ Mar 5, 2012  2:25 PM ]========================
Version 2.2.21 [Jun-14-2009]
Started database file "/tmp/gestore/tempfile"
Formatted 299 sequences in volume 0
SUCCESS: formatted database /tmp/gestore/tempfile

========================[ Mar 5, 2012  2:51 PM ]========================
Version 2.2.21 [Jun-14-2009]
Started database file "/tmp/gestore/tempfile"
Formatted 424450 sequences in volume 0
SUCCESS: formatted database /tmp/gestore/tempfile

========================[ Mar 5, 2012  2:52 PM ]========================
Version 2.2.21 [Jun-14-2009]
Started database file "/tmp/gestore/tempfile"
Formatted 299 sequences in volume 0
SUCCESS: formatted database /tmp/gestore/tempfile

========================[ Mar 5, 2012  3:00 PM ]========================
Version 2.2.21 [Jun-14-2009]
Started database file "/tmp/gestore/tempfile"
Formatted 424450 sequences in volume 0
SUCCESS: formatted database /tmp/gestore/tempfile

========================[ Mar 5, 2012  3:02 PM ]========================
Version 2.2.21 [Jun-14-2009]
Started database file "/tmp/gestore/tempfile"
Formatted 25492 sequences in volume 0
SUCCESS: formatted database /tmp/gestore/tempfile

========================[ Mar 5, 2012  3:25 PM ]========================
Version 2.2.21 [Jun-14-2009]
Started database file "/tmp/gestore/tempfile"
Formatted 424450 sequences in volume 0
SUCCESS: formatted database /tmp/gestore/tempfile

========================[ Mar 5, 2012  3:26 PM ]========================
Version 2.2.21 [Jun-14-2009]
Started database file "/tmp/gestore/tempfile"
Formatted 25492 sequences in volume 0
SUCCESS: formatted database /tmp/gestore/tempfile

========================[ Mar 5, 2012  4:12 PM ]========================
Version 2.2.21 [Jun-14-2009]
Started database file "/tmp/gestore/tempfile"
Formatted 532146 sequences in volume 0
SUCCESS: formatted database /tmp/gestore/tempfile

========================[ Mar 5, 2012  4:14 PM ]========================
Version 2.2.21 [Jun-14-2009]
Started database file "/tmp/gestore/tempfile"
Formatted 28208 sequences in volume 0
SUCCESS: formatted database /tmp/gestore/tempfile

========================[ Mar 5, 2012  4:17 PM ]========================
Version 2.2.21 [Jun-14-2009]
Started database file "/tmp/gestore/tempfile"
Formatted 532146 sequences in volume 0
SUCCESS: formatted database /tmp/gestore/tempfile

========================[ Mar 5, 2012  4:19 PM ]========================
Version 2.2.21 [Jun-14-2009]
Started database file "/tmp/gestore/tempfile"
Formatted 28208 sequences in volume 0
SUCCESS: formatted database /tmp/gestore/tempfile

========================[ Mar 5, 2012  4:23 PM ]========================
Version 2.2.21 [Jun-14-2009]
Started database file "/tmp/gestore/tempfile"
Formatted 532146 sequences in volume 0
SUCCESS: formatted database /tmp/gestore/tempfile

========================[ Mar 5, 2012  4:24 PM ]========================
Version 2.2.21 [Jun-14-2009]
Started database file "/tmp/gestore/tempfile"
Formatted 28208 sequences in volume 0
SUCCESS: formatted database /tmp/gestore/tempfile

========================[ Mar 5, 2012  4:28 PM ]========================
Version 2.2.21 [Jun-14-2009]
Started database file "/tmp/gestore/tempfile"
Formatted 532146 sequences in volume 0
SUCCESS: formatted database /tmp/gestore/tempfile

========================[ Mar 14, 2012  3:31 PM ]========================
Version 2.2.21 [Jun-14-2009]
Started database file "/tmp/gestore/tempfile"
Formatted 532146 sequences in volume 0
SUCCESS: formatted database /tmp/gestore/tempfile

========================[ Mar 16, 2012  5:01 PM ]========================
Version 2.2.21 [Jun-14-2009]
Started database file "/tmp/gestore/tempfile"
Formatted 532146 sequences in volume 0
SUCCESS: formatted database /tmp/gestore/tempfile

========================[ Mar 16, 2012  5:11 PM ]========================
Version 2.2.21 [Jun-14-2009]
Started database file "/tmp/gestore/tempfile"
Formatted 532146 sequences in volume 0
SUCCESS: formatted database /tmp/gestore/tempfile

========================[ Mar 16, 2012  5:14 PM ]========================
Version 2.2.21 [Jun-14-2009]
Started database file "/tmp/gestore/tempfile"
Formatted 28208 sequences in volume 0
SUCCESS: formatted database /tmp/gestore/tempfile

========================[ Mar 16, 2012  6:54 PM ]========================
Version 2.2.21 [Jun-14-2009]
Started database file "/tmp/gestore/tempfile"
Formatted 28208 sequences in volume 0
SUCCESS: formatted database /tmp/gestore/tempfile

========================[ Mar 16, 2012  6:57 PM ]========================
Version 2.2.21 [Jun-14-2009]
Started database file "/tmp/gestore/tempfile"
Formatted 28208 sequences in volume 0
SUCCESS: formatted database /tmp/gestore/tempfile

========================[ Mar 16, 2012  7:06 PM ]========================
Version 2.2.21 [Jun-14-2009]
Started database file "/tmp/gestore/tempfile"
Formatted 28208 sequences in volume 0
SUCCESS: formatted database /tmp/gestore/tempfile

========================[ Mar 16, 2012  7:09 PM ]========================
Version 2.2.21 [Jun-14-2009]
Started database file "/tmp/gestore/tempfile"
Formatted 28208 sequences in volume 0
SUCCESS: formatted database /tmp/gestore/tempfile

========================[ Mar 16, 2012  7:14 PM ]========================
Version 2.2.21 [Jun-14-2009]
Started database file "/tmp/gestore/tempfile"
Formatted 28208 sequences in volume 0
SUCCESS: formatted database /tmp/gestore/tempfile

========================[ Mar 20, 2012  5:31 PM ]========================
Version 2.2.21 [Jun-14-2009]
Started database file "/tmp/gestore/tempfile"
FDBFinish: Empty protein database...
SUCCESS: formatted database /tmp/gestore/tempfile
